<?xml version="1.0" encoding="UTF-8"?>
<!-- Generated by org.testng.reporters.JUnitXMLReporter -->
<testsuite ignored="0" hostname="DESKTOP-F9ACE5P" failures="0" tests="2" name="Chrome Test" time="2.204" errors="0" timestamp="03 Mar 2024 03:09:14 GMT">
  <testcase classname="SeleniumGrid.HelperClass" name="@BeforeMethod setDriver" time="2.164">
    <failure type="java.lang.IllegalArgumentException" message="Capabilities must be set">
      <![CDATA[java.lang.IllegalArgumentException: Capabilities must be set
	at org.openqa.selenium.internal.Require.nonNull(Require.java:60)
	at org.openqa.selenium.remote.RemoteWebDriver.<init>(RemoteWebDriver.java:150)
	at SeleniumGrid.HelperClass.setDriver(HelperClass.java:48)
... Removed 27 stack frames]]>
    </failure>
  </testcase> <!-- @BeforeMethod setDriver -->
  <testcase classname="SeleniumGrid.HelperClass" name="@BeforeMethod setDriver" time="0.0">
    <skipped/>
  </testcase> <!-- @BeforeMethod setDriver -->
  <testcase classname="SeleniumGrid.Selenium4GridTest" name="invalidCredentials" time="0.0">
    <skipped/>
  </testcase> <!-- invalidCredentials -->
  <testcase classname="SeleniumGrid.Selenium4GridTest" name="loginPageHeading" time="0.0">
    <skipped/>
  </testcase> <!-- loginPageHeading -->
</testsuite> <!-- Chrome Test -->
