<?xml version="1.0" encoding="UTF-8"?>
<!-- Generated by org.testng.reporters.JUnitXMLReporter -->
<testsuite ignored="0" hostname="DESKTOP-F9ACE5P" failures="0" tests="2" name="Test" time="0.039" errors="0" timestamp="02 Mar 2024 11:04:09 GMT">
  <testcase classname="SeleniumGrid.HelperClass" name="@BeforeMethod setDriver" time="0.0">
    <failure type="org.testng.TestNGException" message="
Parameter &amp;apos;browser&amp;apos; is required by BeforeMethod on method setDriver but has not been marked @Optional or defined
in C:\Users\DELL\eclipse-workspace\QA\testng_grid.xml">
      <![CDATA[org.testng.TestNGException: 
Parameter 'browser' is required by BeforeMethod on method setDriver but has not been marked @Optional or defined
in C:\Users\DELL\eclipse-workspace\QA\testng_grid.xml
... Removed 24 stack frames]]>
    </failure>
  </testcase> <!-- @BeforeMethod setDriver -->
  <testcase classname="SeleniumGrid.HelperClass" name="@BeforeMethod setDriver" time="0.0">
    <skipped/>
  </testcase> <!-- @BeforeMethod setDriver -->
  <testcase classname="SeleniumGrid.Selenium4GridTest" name="invalidCredentials" time="0.0">
    <skipped/>
  </testcase> <!-- invalidCredentials -->
  <testcase classname="SeleniumGrid.Selenium4GridTest" name="loginPageHeading" time="0.0">
    <skipped/>
  </testcase> <!-- loginPageHeading -->
</testsuite> <!-- Test -->
