<?xml version="1.0" encoding="UTF-8"?>
<testng-results ignored="0" total="2" passed="2" failed="0" skipped="0">
  <reporter-output>
  </reporter-output>
  <suite started-at="2024-02-28T13:04:26 IST" name="Suite" finished-at="2024-02-28T13:04:38 IST" duration-ms="11414">
    <groups>
    </groups>
    <test started-at="2024-02-28T13:04:26 IST" name="Test" finished-at="2024-02-28T13:04:38 IST" duration-ms="11414">
      <class name="DataDrivenTesting.WriteExcel">
        <test-method signature="fblogin()[pri:0, instance:DataDrivenTesting.WriteExcel@31e5415e]" started-at="2024-02-28T13:04:32 IST" name="fblogin" finished-at="2024-02-28T13:04:38 IST" duration-ms="5353" status="PASS">
          <reporter-output>
          </reporter-output>
        </test-method> <!-- fblogin -->
      </class> <!-- DataDrivenTesting.WriteExcel -->
      <class name="DataDrivenTesting.ReadExcel">
        <test-method signature="fblogin()[pri:0, instance:DataDrivenTesting.ReadExcel@44821a96]" started-at="2024-02-28T13:04:26 IST" name="fblogin" finished-at="2024-02-28T13:04:32 IST" duration-ms="6005" status="PASS">
          <reporter-output>
          </reporter-output>
        </test-method> <!-- fblogin -->
      </class> <!-- DataDrivenTesting.ReadExcel -->
    </test> <!-- Test -->
  </suite> <!-- Suite -->
</testng-results>
