<?xml version="1.0" encoding="UTF-8"?>
<testng-results ignored="0" total="1" passed="1" failed="0" skipped="0">
  <reporter-output>
  </reporter-output>
  <suite started-at="2024-02-29T16:44:04Z" name="Default suite" finished-at="2024-02-29T16:44:14Z" duration-ms="9610">
    <groups>
    </groups>
    <test started-at="2024-02-29T16:44:04Z" name="Default test" finished-at="2024-02-29T16:44:14Z" duration-ms="9610">
      <class name="OrangeHRM.Login">
        <test-method signature="testlogin()[pri:0, instance:OrangeHRM.Login@7d446ed1]" started-at="2024-02-29T22:14:04Z" name="testlogin" finished-at="2024-02-29T22:14:14Z" duration-ms="9584" status="PASS">
          <reporter-output>
          </reporter-output>
        </test-method> <!-- testlogin -->
      </class> <!-- OrangeHRM.Login -->
    </test> <!-- Default test -->
  </suite> <!-- Default suite -->
</testng-results>
