<?xml version="1.0" encoding="UTF-8"?>
<testng-results ignored="0" total="1" passed="1" failed="0" skipped="0">
  <reporter-output>
  </reporter-output>
  <suite started-at="2024-02-27T10:23:02Z" name="Default suite" finished-at="2024-02-27T10:23:08Z" duration-ms="5871">
    <groups>
    </groups>
    <test started-at="2024-02-27T10:23:02Z" name="Default test" finished-at="2024-02-27T10:23:08Z" duration-ms="5871">
      <class name="DataDrivenTesting.WriteExcel">
        <test-method signature="fblogin()[pri:0, instance:DataDrivenTesting.WriteExcel@12d2ce03]" started-at="2024-02-27T15:53:02Z" name="fblogin" finished-at="2024-02-27T15:53:08Z" duration-ms="5847" status="PASS">
          <reporter-output>
          </reporter-output>
        </test-method> <!-- fblogin -->
      </class> <!-- DataDrivenTesting.WriteExcel -->
    </test> <!-- Default test -->
  </suite> <!-- Default suite -->
</testng-results>
